[01/09/2023 11:16:02.529] -> 020A|0000
[01/09/2023 11:16:02.568] <- 0000|C080|0000|Vesta|54|1|1|0|39|TM-T900F|8388480|201330031|524288|N|x'00'
                             	02 D8 1B 02 0A 1C 00 00 03 30 31 32 30 
                             	02 D8 00 00 1C C0 80 1C 1C 00 00 1C 1C 56 65 73 74 61 1C 35 34 1C 31 1C 31 1C 30 1C 33 39 1C 54 4D 2D 54 39 30 30 46 1C 38 33 38 38 34 38 30 1C 32 30 31 33 33 30 30 33 31 1C 35 32 34 32 38 38 1C 4E 1C 00 03 30 45 30 37 

[01/09/2023 11:16:31.013] -> 0B01|0000|Nombre Comprador #1||Domicilio Comparador #1|||D|3478905|F|083-00001-00000027|||
[01/09/2023 11:16:31.108] <- 0802|C080|0000
                             	02 D9 0B 01 1C 00 00 1C 4E 6F 6D 62 72 65 20 43 6F 6D 70 72 61 64 6F 72 20 23 31 1C 1C 44 6F 6D 69 63 69 6C 69 6F 20 43 6F 6D 70 61 72 61 64 6F 72 20 23 31 1C 1C 1C 44 1C 33 34 37 38 39 30 35 1C 46 1C 30 38 33 2D 30 30 30 30 31 2D 30 30 30 30 30 30 32 37 1C 1C 1C 03 31 36 39 36 
                             	02 D9 00 00 1C C0 80 1C 1C 08 1B 02 1C 03 30 32 42 33 

[01/09/2023 11:16:31.111] -> 0000|0000
[01/09/2023 11:16:31.148] <- 0202|C080|0000
                             	02 DA 00 00 1C 00 00 03 30 30 66 62 
                             	02 DA 00 00 1C C0 80 1C 1C 1B 02 1B 02 1C 03 30 32 43 39 

[01/09/2023 11:16:31.148] -> 0502|0000
[01/09/2023 11:16:31.307] <- 0000|C080|0000|010923|111720
                             	02 DB 05 1B 02 1C 00 00 03 30 31 31 65 
                             	02 DB 00 00 1C C0 80 1C 1C 00 00 1C 1C 30 31 30 39 32 33 1C 31 31 31 37 32 30 03 30 35 32 33 

[01/09/2023 11:16:31.308] -> 0E06|0001||||||
[01/09/2023 11:16:31.347] <- 0102|C080|0000
                             	02 DC 0E 06 1C 00 01 1C 1C 1C 1C 1C 1C 03 30 31 62 61 
                             	02 DC 00 00 1C C0 80 1C 1C 01 1B 02 1C 03 30 32 41 46 

[01/09/2023 11:16:31.348] -> 0502|0000
[01/09/2023 11:16:31.508] <- 0000|C080|0000|010923|111720
                             	02 DD 05 1B 02 1C 00 00 03 30 31 32 30 
                             	02 DD 00 00 1C C0 80 1C 1C 00 00 1C 1C 30 31 30 39 32 33 1C 31 31 31 37 32 30 03 30 35 32 35 

[01/09/2023 11:16:31.508] -> 1007|0000
[01/09/2023 11:16:31.547] <- 0102|C080|0000
                             	02 DE 10 07 1C 00 00 03 30 31 31 36 
                             	02 DE 00 00 1C C0 80 1C 1C 01 1B 02 1C 03 30 32 42 31 

[01/09/2023 11:16:31.548] -> 0972|0000
[01/09/2023 11:16:31.587] <- 0108|C080|0000
                             	02 DF 09 72 1C 00 00 03 30 31 37 62 
                             	02 DF 00 00 1C C0 80 1C 1C 01 08 1C 03 30 32 39 44 

[01/09/2023 11:16:31.588] -> 0816|0000
[01/09/2023 11:16:31.627] <- 0102|C080|0000
                             	02 E0 08 16 1C 00 00 03 30 31 31 66 
                             	02 E0 00 00 1C C0 80 1C 1C 01 1B 02 1C 03 30 32 42 33 

[01/09/2023 11:16:31.628] -> 08F6|0000
[01/09/2023 11:16:31.668] <- 0108|C080|0000
                             	02 E1 08 F6 1C 00 00 03 30 32 30 30 
                             	02 E1 00 00 1C C0 80 1C 1C 01 08 1C 03 30 32 39 46 

[01/09/2023 11:16:31.668] -> 0533|0000
[01/09/2023 11:16:31.707] <- 0802|C080|0000
                             	02 E2 05 33 1C 00 00 03 30 31 33 62 
                             	02 E2 00 00 1C C0 80 1C 1C 08 1B 02 1C 03 30 32 42 43 

[01/09/2023 11:16:31.708] -> 0253|0000
[01/09/2023 11:16:31.747] <- 0251|C080|0000
                             	02 E3 1B 02 53 1C 00 00 03 30 31 37 34 
                             	02 E3 00 00 1C C0 80 1C 1C 1B 02 51 1C 03 30 33 30 36 

[01/09/2023 11:16:31.748] -> 0433|0000
[01/09/2023 11:16:31.788] <- 0430|C080|0000
                             	02 E4 04 33 1C 00 00 03 30 31 33 63 
                             	02 E4 00 00 1C C0 80 1C 1C 04 30 1C 03 30 32 43 44 

[01/09/2023 11:16:31.788] -> 0439|0000
[01/09/2023 11:16:31.828] <- 0436|C080|0000
                             	02 E5 04 39 1C 00 00 03 30 31 34 33 
                             	02 E5 00 00 1C C0 80 1C 1C 04 36 1C 03 30 32 44 34 

[01/09/2023 11:16:31.828] -> 0443|0000
[01/09/2023 11:16:31.868] <- 0101|C080|0000
                             	02 E6 04 43 1C 00 00 03 30 31 34 65 
                             	02 E6 00 00 1C C0 80 1C 1C 01 01 1C 03 30 32 39 44 

[01/09/2023 11:16:31.868] -> 0453|0000
[01/09/2023 11:16:31.908] <- 0101|C080|0000
                             	02 E7 04 53 1C 00 00 03 30 31 35 66 
                             	02 E7 00 00 1C C0 80 1C 1C 01 01 1C 03 30 32 39 45 

[01/09/2023 11:16:31.908] -> 043D|0000
[01/09/2023 11:16:31.947] <- 010C|C080|0000
                             	02 E8 04 3D 1C 00 00 03 30 31 34 61 
                             	02 E8 00 00 1C C0 80 1C 1C 01 0C 1C 03 30 32 41 41 

[01/09/2023 11:16:31.948] -> 0413|0000
[01/09/2023 11:16:31.987] <- 010C|C080|0000
                             	02 E9 04 13 1C 00 00 03 30 31 32 31 
                             	02 E9 00 00 1C C0 80 1C 1C 01 0C 1C 03 30 32 41 42 

[01/09/2023 11:16:31.988] -> 0933|0000
[01/09/2023 11:16:32.028] <- 0202|C080|0000
                             	02 EA 09 33 1C 00 00 03 30 31 34 37 
                             	02 EA 00 00 1C C0 80 1C 1C 1B 02 1B 02 1C 03 30 32 44 39 

[01/09/2023 11:17:27.608] -> 020A|0000
[01/09/2023 11:17:27.647] <- 0000|C080|0000|Vesta|54|1|1|0|39|TM-T900F|8388480|201330031|524288|N|x'00'
                             	02 E1 1B 02 0A 1C 00 00 03 30 31 32 39 
                             	02 E1 00 00 1C C0 80 1C 1C 00 00 1C 1C 56 65 73 74 61 1C 35 34 1C 31 1C 31 1C 30 1C 33 39 1C 54 4D 2D 54 39 30 30 46 1C 38 33 38 38 34 38 30 1C 32 30 31 33 33 30 30 33 31 1C 35 32 34 32 38 38 1C 4E 1C 00 03 30 45 31 30 

[01/09/2023 11:17:27.650] -> 0B01|0000|Nombre Comprador #1||Domicilio Comparador #1|||D|3478905|F|083-00001-00000027|||
[01/09/2023 11:17:27.747] <- 0802|C080|0000
                             	02 E2 0B 01 1C 00 00 1C 4E 6F 6D 62 72 65 20 43 6F 6D 70 72 61 64 6F 72 20 23 31 1C 1C 44 6F 6D 69 63 69 6C 69 6F 20 43 6F 6D 70 61 72 61 64 6F 72 20 23 31 1C 1C 1C 44 1C 33 34 37 38 39 30 35 1C 46 1C 30 38 33 2D 30 30 30 30 31 2D 30 30 30 30 30 30 32 37 1C 1C 1C 03 31 36 39 66 
                             	02 E2 00 00 1C C0 80 1C 1C 08 1B 02 1C 03 30 32 42 43 

[01/09/2023 11:17:27.749] -> 0000|0000
[01/09/2023 11:17:27.787] <- 0202|C080|0000
                             	02 E3 00 00 1C 00 00 03 30 31 30 34 
                             	02 E3 00 00 1C C0 80 1C 1C 1B 02 1B 02 1C 03 30 32 44 32 

[01/09/2023 11:17:27.788] -> 0502|0000
[01/09/2023 11:17:27.947] <- 0000|C080|0000|010923|111817
                             	02 E4 05 1B 02 1C 00 00 03 30 31 32 37 
                             	02 E4 00 00 1C C0 80 1C 1C 00 00 1C 1C 30 31 30 39 32 33 1C 31 31 31 38 31 37 03 30 35 33 33 

[01/09/2023 11:17:27.947] -> 0E06|0001||||||
[01/09/2023 11:17:27.987] <- 0102|C080|0000
                             	02 E5 0E 06 1C 00 01 1C 1C 1C 1C 1C 1C 03 30 31 63 33 
                             	02 E5 00 00 1C C0 80 1C 1C 01 1B 02 1C 03 30 32 42 38 

[01/09/2023 11:17:27.988] -> 0502|0000
[01/09/2023 11:17:28.147] <- 0000|C080|0000|010923|111817
                             	02 E6 05 1B 02 1C 00 00 03 30 31 32 39 
                             	02 E6 00 00 1C C0 80 1C 1C 00 00 1C 1C 30 31 30 39 32 33 1C 31 31 31 38 31 37 03 30 35 33 35 

[01/09/2023 11:17:28.148] -> 1007|0000
[01/09/2023 11:17:28.187] <- 0102|C080|0000
                             	02 E7 10 07 1C 00 00 03 30 31 31 66 
                             	02 E7 00 00 1C C0 80 1C 1C 01 1B 02 1C 03 30 32 42 41 

[01/09/2023 11:17:28.187] -> 0972|0000
[01/09/2023 11:17:28.227] <- 0108|C080|0000
                             	02 E8 09 72 1C 00 00 03 30 31 38 34 
                             	02 E8 00 00 1C C0 80 1C 1C 01 08 1C 03 30 32 41 36 

[01/09/2023 11:17:28.227] -> 0816|0000
[01/09/2023 11:17:28.267] <- 0102|C080|0000
                             	02 E9 08 16 1C 00 00 03 30 31 32 38 
                             	02 E9 00 00 1C C0 80 1C 1C 01 1B 02 1C 03 30 32 42 43 

[01/09/2023 11:17:28.267] -> 08F6|0000
[01/09/2023 11:17:28.307] <- 0108|C080|0000
                             	02 EA 08 F6 1C 00 00 03 30 32 30 39 
                             	02 EA 00 00 1C C0 80 1C 1C 01 08 1C 03 30 32 41 38 

[01/09/2023 11:17:28.307] -> 0533|0000
[01/09/2023 11:17:28.347] <- 0802|C080|0000
                             	02 EB 05 33 1C 00 00 03 30 31 34 34 
                             	02 EB 00 00 1C C0 80 1C 1C 08 1B 02 1C 03 30 32 43 35 

[01/09/2023 11:17:28.347] -> 0253|0000
[01/09/2023 11:17:28.387] <- 0251|C080|0000
                             	02 EC 1B 02 53 1C 00 00 03 30 31 37 64 
                             	02 EC 00 00 1C C0 80 1C 1C 1B 02 51 1C 03 30 33 30 46 

[01/09/2023 11:17:28.387] -> 0433|0000
[01/09/2023 11:17:28.427] <- 0430|C080|0000
                             	02 ED 04 33 1C 00 00 03 30 31 34 35 
                             	02 ED 00 00 1C C0 80 1C 1C 04 30 1C 03 30 32 44 36 

[01/09/2023 11:17:28.427] -> 0439|0000
[01/09/2023 11:17:28.467] <- 0436|C080|0000
                             	02 EE 04 39 1C 00 00 03 30 31 34 63 
                             	02 EE 00 00 1C C0 80 1C 1C 04 36 1C 03 30 32 44 44 

[01/09/2023 11:17:28.467] -> 0443|0000
[01/09/2023 11:17:28.507] <- 0101|C080|0000
                             	02 EF 04 43 1C 00 00 03 30 31 35 37 
                             	02 EF 00 00 1C C0 80 1C 1C 01 01 1C 03 30 32 41 36 

[01/09/2023 11:17:28.507] -> 0453|0000
[01/09/2023 11:17:28.547] <- 0101|C080|0000
                             	02 F0 04 53 1C 00 00 03 30 31 36 38 
                             	02 F0 00 00 1C C0 80 1C 1C 01 01 1C 03 30 32 41 37 

[01/09/2023 11:17:28.547] -> 043D|0000
[01/09/2023 11:17:28.587] <- 010C|C080|0000
                             	02 F1 04 3D 1C 00 00 03 30 31 35 33 
                             	02 F1 00 00 1C C0 80 1C 1C 01 0C 1C 03 30 32 42 33 

[01/09/2023 11:17:28.587] -> 0413|0000
[01/09/2023 11:17:28.627] <- 010C|C080|0000
                             	02 F2 04 13 1C 00 00 03 30 31 32 61 
                             	02 F2 00 00 1C C0 80 1C 1C 01 0C 1C 03 30 32 42 34 

[01/09/2023 11:17:28.627] -> 0933|0000
[01/09/2023 11:17:28.667] <- 0202|C080|0000
                             	02 F3 09 33 1C 00 00 03 30 31 35 30 
                             	02 F3 00 00 1C C0 80 1C 1C 1B 02 1B 02 1C 03 30 32 45 32 

[01/09/2023 12:28:10.228] -> 020A|0000
[01/09/2023 12:28:10.267] <- 0000|C080|0000|Vesta|54|1|1|0|39|TM-T900F|8388480|201330031|524288|N|x'00'
                             	02 B7 1B 02 0A 1C 00 00 03 30 30 66 66 
                             	02 B7 00 00 1C C0 80 1C 1C 00 00 1C 1C 56 65 73 74 61 1C 35 34 1C 31 1C 31 1C 30 1C 33 39 1C 54 4D 2D 54 39 30 30 46 1C 38 33 38 38 34 38 30 1C 32 30 31 33 33 30 30 33 31 1C 35 32 34 32 38 38 1C 4E 1C 00 03 30 44 45 36 

[01/09/2023 12:28:10.272] -> 0502|0000
[01/09/2023 12:28:10.427] <- 0000|C080|0000|010923|122859
                             	02 B8 05 1B 02 1C 00 00 03 30 30 66 62 
                             	02 B8 00 00 1C C0 80 1C 1C 00 00 1C 1C 30 31 30 39 32 33 1C 31 32 32 38 35 39 03 30 35 30 46 

[01/09/2023 12:28:10.427] -> 0802|0C01
[01/09/2023 12:28:13.827] <- 0000|C080|0000|107
                             	02 B9 08 1B 02 1C 0C 01 03 30 31 30 63 
                             	02 B9 00 00 1C C0 80 1C 1C 00 00 1C 1C 31 30 37 03 30 33 32 32 

[01/09/2023 12:28:13.838] -> 0502|0000
[01/09/2023 12:28:13.987] <- 0000|C080|0000|010923|122903
                             	02 BA 05 1B 02 1C 00 00 03 30 30 66 64 
                             	02 BA 00 00 1C C0 80 1C 1C 00 00 1C 1C 30 31 30 39 32 33 1C 31 32 32 39 30 33 03 30 35 30 37 

[01/09/2023 12:28:13.987] -> 0802|0C01
[01/09/2023 12:28:15.947] <- 0000|C080|0000|108
                             	02 BB 08 1B 02 1C 0C 01 03 30 31 30 65 
                             	02 BB 00 00 1C C0 80 1C 1C 00 00 1C 1C 31 30 38 03 30 33 32 35 

[01/09/2023 12:28:16.962] -> 0502|0000
[01/09/2023 12:28:17.087] <- 0000|C080|0000|010923|122906
                             	02 BC 05 1B 02 1C 00 00 03 30 30 66 66 
                             	02 BC 00 00 1C C0 80 1C 1C 00 00 1C 1C 30 31 30 39 32 33 1C 31 32 32 39 30 36 03 30 35 30 43 

[01/09/2023 12:28:17.088] -> 0801|0000
[01/09/2023 12:28:20.187] <- 0000|C000|0000|771
                             	02 BD 08 01 1C 00 00 03 30 30 65 37 
                             	02 BD 00 00 1C C0 00 1C 1C 00 00 1C 1C 37 37 31 03 30 32 41 44 

[01/09/2023 12:33:15.911] -> 020A|0000
[01/09/2023 12:33:15.945] <- 0000|C000|0000|Vesta|54|1|1|0|39|TM-T900F|8388480|201330031|524288|N|x'00'
                             	02 D7 1B 02 0A 1C 00 00 03 30 31 31 66 
                             	02 D7 00 00 1C C0 00 1C 1C 00 00 1C 1C 56 65 73 74 61 1C 35 34 1C 31 1C 31 1C 30 1C 33 39 1C 54 4D 2D 54 39 30 30 46 1C 38 33 38 38 34 38 30 1C 32 30 31 33 33 30 30 33 31 1C 35 32 34 32 38 38 1C 4E 1C 00 03 30 44 38 36 

[01/09/2023 12:33:15.961] -> 0B01|0000|Nombre Comprador #1||Domicilio Comparador #1|||D|3478905|F|083-00001-00000027|||
[01/09/2023 12:33:17.585] <- 0000|C082|0000
                             	02 D8 0B 01 1C 00 00 1C 4E 6F 6D 62 72 65 20 43 6F 6D 70 72 61 64 6F 72 20 23 31 1C 1C 44 6F 6D 69 63 69 6C 69 6F 20 43 6F 6D 70 61 72 61 64 6F 72 20 23 31 1C 1C 1C 44 1C 33 34 37 38 39 30 35 1C 46 1C 30 38 33 2D 30 30 30 30 31 2D 30 30 30 30 30 30 32 37 1C 1C 1C 03 31 36 39 35 
                             	02 D8 00 00 1C C0 82 1C 1C 00 00 1C 03 30 32 38 46 

[01/09/2023 12:33:17.587] -> 0502|0000
[01/09/2023 12:33:17.745] <- 0000|C082|0000|010923|123407
                             	02 D9 05 1B 02 1C 00 00 03 30 31 31 63 
                             	02 D9 00 00 1C C0 82 1C 1C 00 00 1C 1C 30 31 30 39 32 33 1C 31 32 33 34 30 37 03 30 35 32 38 

[01/09/2023 12:33:17.745] -> 0B07|0000
[01/09/2023 12:33:18.665] <- 0000|C080|0000|2|B
                             	02 DA 0B 07 1C 00 00 03 30 31 30 64 
                             	02 DA 00 00 1C C0 80 1C 1C 00 00 1C 1C 32 1C 42 03 30 33 33 42 

